<?xml version="1.0" encoding="UTF-8"?>
<!-- Generated by org.testng.reporters.JUnitReportReporter -->
<testsuite skipped="0" hostname="CM-IND-RENT-LAP-008" name="sample.GoogleTest" tests="5" failures="0" timestamp="26 Nov 2020 19:12:44 GMT" time="48.877" errors="0">
  <testcase name="googleTitleTest" time="9.846" classname="sample.GoogleTest"/>
  <testcase name="googlLogoTest" time="9.058" classname="sample.GoogleTest"/>
  <testcase name="mailTest" time="8.977" classname="sample.GoogleTest"/>
  <testcase name="test2" time="9.084" classname="sample.GoogleTest"/>
  <testcase name="test1" time="11.912" classname="sample.GoogleTest"/>
</testsuite> <!-- sample.GoogleTest -->
