<?xml version="1.0" encoding="UTF-8"?>
<!-- Generated by org.testng.reporters.JUnitReportReporter -->
<testsuite skipped="0" hostname="CM-IND-RENT-LAP-008" name="sample.DepTest" tests="2" failures="0" timestamp="27 Nov 2020 09:55:57 GMT" time="0.022" errors="0">
  <testcase name="loginTest" time="0.015" classname="sample.DepTest"/>
  <testcase name="hompageTest" time="0.007" classname="sample.DepTest"/>
</testsuite> <!-- sample.DepTest -->
