<?xml version="1.0" encoding="UTF-8"?>
<!-- Generated by org.testng.reporters.JUnitReportReporter -->
<testsuite skipped="0" hostname="CM-IND-RENT-LAP-008" name="sample.InvocationTest" tests="1" failures="0" timestamp="29 Nov 2020 09:58:59 GMT" time="0.008" errors="0">
  <testcase name="ma" time="0.008" classname="sample.InvocationTest"/>
</testsuite> <!-- sample.InvocationTest -->
