<?xml version="1.0" encoding="UTF-8"?>
<!-- Generated by org.testng.reporters.JUnitReportReporter -->
<testsuite skipped="1" hostname="CM-IND-RENT-LAP-008" name="examplepackage.HalEbayDayTest" tests="1" failures="0" timestamp="29 Nov 2020 10:38:46 GMT" time="0.000" errors="0">
  <testcase name="halfEbayRegTest" time="0.000" classname="examplepackage.HalEbayDayTest">
    <skipped/>
  </testcase> <!-- halfEbayRegTest -->
</testsuite> <!-- examplepackage.HalEbayDayTest -->
